{
"contracts\\AucEngine.sol":{"l":{"26":12,"30":11,"32":11,"34":10,"45":10,"47":10,"51":7,"52":7,"53":6,"54":6,"55":6,"59":8,"60":8,"61":7,"62":6,"63":6,"64":5,"65":5,"66":5,"67":5,"68":5,"70":5,"73":5},"path":"E:\\solidity\\aucengine\\contracts\\AucEngine.sol","s":{"1":11,"2":11,"3":10,"4":10,"5":10,"6":7,"7":7,"8":6,"9":6,"10":6,"11":8,"12":8,"13":7,"14":6,"15":6,"16":5,"17":5,"18":5,"19":5,"20":5},"b":{"1":[1,10],"2":[10,1],"3":[6,1],"4":[7,1],"5":[6,1],"6":[5,1],"7":[5,0]},"f":{"1":12,"2":11,"3":7,"4":8},"fnMap":{"1":{"name":"constructor","line":25,"loc":{"start":{"line":25,"column":4},"end":{"line":27,"column":4}}},"2":{"name":"createAuction","line":29,"loc":{"start":{"line":29,"column":4},"end":{"line":48,"column":4}}},"3":{"name":"getPriceFor","line":50,"loc":{"start":{"line":50,"column":4},"end":{"line":56,"column":4}}},"4":{"name":"buy","line":58,"loc":{"start":{"line":58,"column":4},"end":{"line":74,"column":4}}}},"statementMap":{"1":{"start":{"line":30,"column":8},"end":{"line":30,"column":61}},"2":{"start":{"line":32,"column":8},"end":{"line":32,"column":86}},"3":{"start":{"line":34,"column":8},"end":{"line":34,"column":972}},"4":{"start":{"line":45,"column":8},"end":{"line":45,"column":32}},"5":{"start":{"line":47,"column":8},"end":{"line":47,"column":81}},"6":{"start":{"line":51,"column":8},"end":{"line":51,"column":49}},"7":{"start":{"line":52,"column":8},"end":{"line":52,"column":45}},"8":{"start":{"line":53,"column":8},"end":{"line":53,"column":57}},"9":{"start":{"line":54,"column":8},"end":{"line":54,"column":55}},"10":{"start":{"line":55,"column":8},"end":{"line":55,"column":48}},"11":{"start":{"line":59,"column":8},"end":{"line":59,"column":50}},"12":{"start":{"line":60,"column":8},"end":{"line":60,"column":45}},"13":{"start":{"line":61,"column":8},"end":{"line":61,"column":59}},"14":{"start":{"line":62,"column":8},"end":{"line":62,"column":40}},"15":{"start":{"line":63,"column":8},"end":{"line":63,"column":56}},"16":{"start":{"line":66,"column":8},"end":{"line":66,"column":40}},"17":{"start":{"line":67,"column":8},"end":{"line":67,"column":2252}},"18":{"start":{"line":68,"column":12},"end":{"line":68,"column":47}},"19":{"start":{"line":70,"column":8},"end":{"line":70,"column":2340}},"20":{"start":{"line":73,"column":8},"end":{"line":73,"column":52}}},"branchMap":{"1":{"line":30,"type":"if","locations":[{"start":{"line":30,"column":41},"end":{"line":30,"column":48}},{"start":{"line":30,"column":52},"end":{"line":30,"column":60}}]},"2":{"line":32,"type":"if","locations":[{"start":{"line":32,"column":8},"end":{"line":32,"column":8}},{"start":{"line":32,"column":8},"end":{"line":32,"column":8}}]},"3":{"line":52,"type":"if","locations":[{"start":{"line":52,"column":8},"end":{"line":52,"column":8}},{"start":{"line":52,"column":8},"end":{"line":52,"column":8}}]},"4":{"line":60,"type":"if","locations":[{"start":{"line":60,"column":8},"end":{"line":60,"column":8}},{"start":{"line":60,"column":8},"end":{"line":60,"column":8}}]},"5":{"line":61,"type":"if","locations":[{"start":{"line":61,"column":8},"end":{"line":61,"column":8}},{"start":{"line":61,"column":8},"end":{"line":61,"column":8}}]},"6":{"line":63,"type":"if","locations":[{"start":{"line":63,"column":8},"end":{"line":63,"column":8}},{"start":{"line":63,"column":8},"end":{"line":63,"column":8}}]},"7":{"line":67,"type":"if","locations":[{"start":{"line":67,"column":8},"end":{"line":67,"column":8}},{"start":{"line":67,"column":8},"end":{"line":67,"column":8}}]}}}}
