TN:
SF:E:\solidity\aucengine\contracts\AucEngine.sol
FN:25,constructor
FN:29,createAuction
FN:50,getPriceFor
FN:58,buy
FNF:4
FNH:4
FNDA:12,constructor
FNDA:11,createAuction
FNDA:7,getPriceFor
FNDA:8,buy
DA:26,12
DA:30,11
DA:32,11
DA:34,10
DA:45,10
DA:47,10
DA:51,7
DA:52,7
DA:53,6
DA:54,6
DA:55,6
DA:59,8
DA:60,8
DA:61,7
DA:62,6
DA:63,6
DA:64,5
DA:65,5
DA:66,5
DA:67,5
DA:68,5
DA:70,5
DA:73,5
LF:23
LH:23
BRDA:30,1,0,1
BRDA:30,1,1,10
BRDA:32,2,0,10
BRDA:32,2,1,1
BRDA:52,3,0,6
BRDA:52,3,1,1
BRDA:60,4,0,7
BRDA:60,4,1,1
BRDA:61,5,0,6
BRDA:61,5,1,1
BRDA:63,6,0,5
BRDA:63,6,1,1
BRDA:67,7,0,5
BRDA:67,7,1,0
BRF:14
BRH:13
end_of_record
